#
# There is insufficient memory for the Java Runtime Environment to continue.
# Native memory allocation (mmap) failed to map 524288000 bytes. Error detail: G1 virtual space
# Possible reasons:
#   The system is out of physical RAM or swap space
#   This process is running with CompressedOops enabled, and the Java Heap may be blocking the growth of the native heap
# Possible solutions:
#   Reduce memory load on the system
#   Increase physical memory or swap space
#   Check if swap backing store is full
#   Decrease Java heap size (-Xmx/-Xms)
#   Decrease number of Java threads
#   Decrease Java thread stack sizes (-Xss)
#   Set larger code cache with -XX:ReservedCodeCacheSize=
#   JVM is running with Zero Based Compressed Oops mode in which the Java heap is
#     placed in the first 32GB address space. The Java Heap base address is the
#     maximum limit for the native heap growth. Please use -XX:HeapBaseMinAddress
#     to set the Java Heap base and to place the Java Heap above 32GB virtual address.
# This output file may be truncated or incomplete.
#
#  Out of Memory Error (os_windows.cpp:3710), pid=310520, tid=300544
#
# JRE version:  (17.0.15+6) (build )
# Java VM: OpenJDK 64-Bit Server VM (17.0.15+6-LTS, mixed mode, emulated-client, sharing, tiered, compressed oops, compressed class ptrs, g1 gc, windows-amd64)
# No core dump will be written. Minidumps are not enabled by default on client versions of Windows
#

---------------  S U M M A R Y ------------

Command Line: -XX:TieredStopAtLevel=1 -Dspring.output.ansi.enabled=always -Dcom.sun.management.jmxremote -Dspring.jmx.enabled=true -Dspring.liveBeansView.mbeanDomain -Dspring.application.admin.enabled=true -Dmanagement.endpoints.jmx.exposure.include=* -javaagent:D:\IntelliJ IDEA 2024.1.7\lib\idea_rt.jar=54191:D:\IntelliJ IDEA 2024.1.7\bin -Dfile.encoding=UTF-8 com.example.campus_blog_forum_system.campus_blog_forum_system

Host: AMD Ryzen 7 7840H with Radeon 780M Graphics, 16 cores, 31G,  Windows 11 , 64 bit Build 26100 (10.0.26100.4484)
Time: Thu Jul 31 17:06:20 2025  Windows 11 , 64 bit Build 26100 (10.0.26100.4484) elapsed time: 2.035146 seconds (0d 0h 0m 2s)

---------------  T H R E A D  ---------------

Current thread (0x000001ebc96e7350):  JavaThread "Unknown thread" [_thread_in_vm, id=300544, stack(0x000000c0a9a00000,0x000000c0a9b00000)]

Stack: [0x000000c0a9a00000,0x000000c0a9b00000]
Native frames: (J=compiled Java code, j=interpreted, Vv=VM code, C=native code)
V  [jvm.dll+0x6887a9]
V  [jvm.dll+0x83f5a8]
V  [jvm.dll+0x841053]
V  [jvm.dll+0x8416c3]
V  [jvm.dll+0x2496ef]
V  [jvm.dll+0x6856e9]
V  [jvm.dll+0x679b7a]
V  [jvm.dll+0x30b0d7]
V  [jvm.dll+0x312646]
V  [jvm.dll+0x36300e]
V  [jvm.dll+0x36324d]
V  [jvm.dll+0x2e236c]
V  [jvm.dll+0x2e3284]
V  [jvm.dll+0x8114db]
V  [jvm.dll+0x370d21]
V  [jvm.dll+0x7f011f]
V  [jvm.dll+0x3f781e]
V  [jvm.dll+0x3f9351]
C  [jli.dll+0x52a0]
C  [ucrtbase.dll+0x37b0]
C  [KERNEL32.DLL+0x2e8d7]
C  [ntdll.dll+0x3c34c]


---------------  P R O C E S S  ---------------

Threads class SMR info:
_java_thread_list=0x00007fffeda7efd8, length=0, elements={
}

Java Threads: ( => current thread )

Other Threads:
  0x000001ebc97510b0 GCTaskThread "GC Thread#0" [stack: 0x000000c0a9b00000,0x000000c0a9c00000] [id=309828]
  0x000001ebc975fc90 ConcurrentGCThread "G1 Main Marker" [stack: 0x000000c0a9c00000,0x000000c0a9d00000] [id=314692]
  0x000001ebc9760870 ConcurrentGCThread "G1 Conc#0" [stack: 0x000000c0a9d00000,0x000000c0a9e00000] [id=312188]

[error occurred during error reporting (printing all threads), id 0xc0000005, EXCEPTION_ACCESS_VIOLATION (0xc0000005) at pc=0x00007fffed232ec7]

VM state: not at safepoint (not fully initialized)

VM Mutex/Monitor currently owned by a thread:  ([mutex/lock_event])
[0x000001ebc96e1910] Heap_lock - owner thread: 0x000001ebc96e7350

Heap address: 0x000000060cc00000, size: 7988 MB, Compressed Oops mode: Zero based, Oop shift amount: 3

CDS archive(s) mapped at: [0x0000000000000000-0x0000000000000000-0x0000000000000000), size 0, SharedBaseAddress: 0x0000000800000000, ArchiveRelocationMode: 1.
Narrow klass base: 0x0000000000000000, Narrow klass shift: 0, Narrow klass range: 0x0

GC Precious Log:
<Empty>

Heap:
 garbage-first heap   total 0K, used 0K [0x000000060cc00000, 0x0000000800000000)
  region size 4096K, 0 young (0K), 0 survivors (0K)

[error occurred during error reporting (printing heap information), id 0xc0000005, EXCEPTION_ACCESS_VIOLATION (0xc0000005) at pc=0x00007fffed622339]

GC Heap History (0 events):
No events

Dll operation events (1 events):
Event: 0.009 Loaded shared library C:\Users\lenovo\.jdks\ms-17.0.15\bin\java.dll

Deoptimization events (0 events):
No events

Classes loaded (0 events):
No events

Classes unloaded (0 events):
No events

Classes redefined (0 events):
No events

Internal exceptions (0 events):
No events

VM Operations (0 events):
No events

Memory protections (0 events):
No events

Nmethod flushes (0 events):
No events

Events (0 events):
No events


Dynamic libraries:
0x00007ff730560000 - 0x00007ff73056e000 	C:\Users\lenovo\.jdks\ms-17.0.15\bin\java.exe
0x00007ff828e80000 - 0x00007ff8290e8000 	C:\WINDOWS\SYSTEM32\ntdll.dll
0x00007ff827e40000 - 0x00007ff827f09000 	C:\WINDOWS\System32\KERNEL32.DLL
0x00007ff826380000 - 0x00007ff82676d000 	C:\WINDOWS\System32\KERNELBASE.dll
0x00007ff8268c0000 - 0x00007ff826a0b000 	C:\WINDOWS\System32\ucrtbase.dll
0x00007ff821d90000 - 0x00007ff821dad000 	C:\Users\lenovo\.jdks\ms-17.0.15\bin\VCRUNTIME140.dll
0x00007ff822050000 - 0x00007ff822067000 	C:\Users\lenovo\.jdks\ms-17.0.15\bin\jli.dll
0x00007ff828ad0000 - 0x00007ff828c9c000 	C:\WINDOWS\System32\USER32.dll
0x00007ff826b50000 - 0x00007ff826b77000 	C:\WINDOWS\System32\win32u.dll
0x00007ff80cba0000 - 0x00007ff80ce3a000 	C:\WINDOWS\WinSxS\amd64_microsoft.windows.common-controls_6595b64144ccf1df_6.0.26100.4484_none_3e0e6d4ce32ef3b3\COMCTL32.dll
0x00007ff828da0000 - 0x00007ff828dcb000 	C:\WINDOWS\System32\GDI32.dll
0x00007ff828190000 - 0x00007ff828239000 	C:\WINDOWS\System32\msvcrt.dll
0x00007ff826a10000 - 0x00007ff826b47000 	C:\WINDOWS\System32\gdi32full.dll
0x00007ff8262d0000 - 0x00007ff826373000 	C:\WINDOWS\System32\msvcp_win.dll
0x00007ff827f10000 - 0x00007ff827f3f000 	C:\WINDOWS\System32\IMM32.DLL
0x00007ff8208a0000 - 0x00007ff8208ac000 	C:\Users\lenovo\.jdks\ms-17.0.15\bin\vcruntime140_1.dll
0x00007ff814540000 - 0x00007ff8145cd000 	C:\Users\lenovo\.jdks\ms-17.0.15\bin\msvcp140.dll
0x00007fffecf40000 - 0x00007fffedbb2000 	C:\Users\lenovo\.jdks\ms-17.0.15\bin\server\jvm.dll
0x00007ff826da0000 - 0x00007ff826e54000 	C:\WINDOWS\System32\ADVAPI32.dll
0x00007ff826e70000 - 0x00007ff826f16000 	C:\WINDOWS\System32\sechost.dll
0x00007ff827540000 - 0x00007ff827658000 	C:\WINDOWS\System32\RPCRT4.dll
0x00007ff826c20000 - 0x00007ff826c94000 	C:\WINDOWS\System32\WS2_32.dll
0x00007ff824f50000 - 0x00007ff824fae000 	C:\WINDOWS\SYSTEM32\POWRPROF.dll
0x00007ff817f60000 - 0x00007ff817f95000 	C:\WINDOWS\SYSTEM32\WINMM.dll
0x00007ff81fd20000 - 0x00007ff81fd2b000 	C:\WINDOWS\SYSTEM32\VERSION.dll
0x00007ff824f30000 - 0x00007ff824f44000 	C:\WINDOWS\SYSTEM32\UMPDC.dll
0x00007ff824de0000 - 0x00007ff824dfb000 	C:\WINDOWS\SYSTEM32\kernel.appcore.dll
0x00007ff820890000 - 0x00007ff82089a000 	C:\Users\lenovo\.jdks\ms-17.0.15\bin\jimage.dll
0x00007ff823360000 - 0x00007ff8235a1000 	C:\WINDOWS\SYSTEM32\DBGHELP.DLL
0x00007ff827120000 - 0x00007ff8274a6000 	C:\WINDOWS\System32\combase.dll
0x00007ff827b70000 - 0x00007ff827c50000 	C:\WINDOWS\System32\OLEAUT32.dll
0x00007ff815f60000 - 0x00007ff815fa3000 	C:\WINDOWS\SYSTEM32\dbgcore.DLL
0x00007ff826b80000 - 0x00007ff826c19000 	C:\WINDOWS\System32\bcryptPrimitives.dll
0x00007ff820800000 - 0x00007ff82080e000 	C:\Users\lenovo\.jdks\ms-17.0.15\bin\instrument.dll
0x00007ff8207c0000 - 0x00007ff8207e5000 	C:\Users\lenovo\.jdks\ms-17.0.15\bin\java.dll

dbghelp: loaded successfully - version: 4.0.5 - missing functions: none
symbol engine: initialized successfully - sym options: 0x614 - pdb path: .;C:\Users\lenovo\.jdks\ms-17.0.15\bin;C:\WINDOWS\SYSTEM32;C:\WINDOWS\WinSxS\amd64_microsoft.windows.common-controls_6595b64144ccf1df_6.0.26100.4484_none_3e0e6d4ce32ef3b3;C:\Users\lenovo\.jdks\ms-17.0.15\bin\server

VM Arguments:
jvm_args: -XX:TieredStopAtLevel=1 -Dspring.output.ansi.enabled=always -Dcom.sun.management.jmxremote -Dspring.jmx.enabled=true -Dspring.liveBeansView.mbeanDomain -Dspring.application.admin.enabled=true -Dmanagement.endpoints.jmx.exposure.include=* -javaagent:D:\IntelliJ IDEA 2024.1.7\lib\idea_rt.jar=54191:D:\IntelliJ IDEA 2024.1.7\bin -Dfile.encoding=UTF-8 
java_command: com.example.campus_blog_forum_system.campus_blog_forum_system
java_class_path (initial): D:\JavaCoding\campus_blog_forum_system\target\classes;C:\Users\lenovo\.m2\repository\org\springframework\boot\spring-boot-starter-web\3.5.3\spring-boot-starter-web-3.5.3.jar;C:\Users\lenovo\.m2\repository\org\springframework\boot\spring-boot-starter\3.5.3\spring-boot-starter-3.5.3.jar;C:\Users\lenovo\.m2\repository\org\springframework\boot\spring-boot\3.5.3\spring-boot-3.5.3.jar;C:\Users\lenovo\.m2\repository\org\springframework\boot\spring-boot-autoconfigure\3.5.3\spring-boot-autoconfigure-3.5.3.jar;C:\Users\lenovo\.m2\repository\org\springframework\boot\spring-boot-starter-logging\3.5.3\spring-boot-starter-logging-3.5.3.jar;C:\Users\lenovo\.m2\repository\ch\qos\logback\logback-classic\1.5.18\logback-classic-1.5.18.jar;C:\Users\lenovo\.m2\repository\ch\qos\logback\logback-core\1.5.18\logback-core-1.5.18.jar;C:\Users\lenovo\.m2\repository\org\apache\logging\log4j\log4j-to-slf4j\2.24.3\log4j-to-slf4j-2.24.3.jar;C:\Users\lenovo\.m2\repository\org\apache\logging\log4j\log4j-api\2.24.3\log4j-api-2.24.3.jar;C:\Users\lenovo\.m2\repository\org\slf4j\jul-to-slf4j\2.0.17\jul-to-slf4j-2.0.17.jar;C:\Users\lenovo\.m2\repository\jakarta\annotation\jakarta.annotation-api\2.1.1\jakarta.annotation-api-2.1.1.jar;C:\Users\lenovo\.m2\repository\org\yaml\snakeyaml\2.4\snakeyaml-2.4.jar;C:\Users\lenovo\.m2\repository\org\springframework\boot\spring-boot-starter-json\3.5.3\spring-boot-starter-json-3.5.3.jar;C:\Users\lenovo\.m2\repository\com\fasterxml\jackson\datatype\jackson-datatype-jdk8\2.19.1\jackson-datatype-jdk8-2.19.1.jar;C:\Users\lenovo\.m2\repository\com\fasterxml\jackson\datatype\jackson-datatype-jsr310\2.19.1\jackson-datatype-jsr310-2.19.1.jar;C:\Users\lenovo\.m2\repository\com\fasterxml\jackson\module\jackson-module-parameter-names\2.19.1\jackson-module-parameter-names-2.19.1.jar;C:\Users\lenovo\.m2\repository\org\springframework\boot\spring-boot-starter-tomcat\3.5.3\spring-boot-starter-tomcat-3.5.3.jar;C:\Users\lenovo\.m2\repository\org\apache\to
Launcher Type: SUN_STANDARD

[Global flags]
     intx CICompilerCount                          = 12                                        {product} {ergonomic}
     uint ConcGCThreads                            = 3                                         {product} {ergonomic}
     uint G1ConcRefinementThreads                  = 13                                        {product} {ergonomic}
   size_t G1HeapRegionSize                         = 4194304                                   {product} {ergonomic}
    uintx GCDrainStackTargetSize                   = 64                                        {product} {ergonomic}
   size_t InitialHeapSize                          = 524288000                                 {product} {ergonomic}
     bool ManagementServer                         = true                                      {product} {command line}
   size_t MarkStackSize                            = 4194304                                   {product} {ergonomic}
   size_t MaxHeapSize                              = 8376025088                                {product} {ergonomic}
   size_t MinHeapDeltaBytes                        = 4194304                                   {product} {ergonomic}
   size_t MinHeapSize                              = 8388608                                   {product} {ergonomic}
    uintx NonProfiledCodeHeapSize                  = 0                                      {pd product} {ergonomic}
     bool ProfileInterpreter                       = false                                  {pd product} {command line}
    uintx ProfiledCodeHeapSize                     = 0                                      {pd product} {ergonomic}
   size_t SoftMaxHeapSize                          = 8376025088                             {manageable} {ergonomic}
     intx TieredStopAtLevel                        = 1                                         {product} {command line}
     bool UseCompressedClassPointers               = true                           {product lp64_product} {ergonomic}
     bool UseCompressedOops                        = true                           {product lp64_product} {ergonomic}
     bool UseG1GC                                  = true                                      {product} {ergonomic}
     bool UseLargePagesIndividualAllocation        = false                                  {pd product} {ergonomic}

Logging:
Log output configuration:
 #0: stdout all=warning uptime,level,tags
 #1: stderr all=off uptime,level,tags

Environment Variables:
JAVA_HOME=D:\Java\jdk-23
PATH=C:\Program Files\Common Files\Oracle\Java\javapath;D:\VMware\bin\;C:\Windows\system32;C:\Windows;C:\Windows\System32\Wbem;C:\Windows\System32\WindowsPowerShell\v1.0\;C:\Windows\System32\OpenSSH\;C:\Program Files (x86)\NVIDIA Corporation\PhysX\Common;C:\Program Files\NVIDIA Corporation\NVIDIA NvDLISR;C:\Program Files\Microsoft SQL Server\150\Tools\Binn\;C:\Program Files\Microsoft SQL Server\Client SDK\ODBC\170\Tools\Binn\;D:\A\VC\Tools\MSVC\14.40.33807\bin\Hostx64\x86;D:\Qt\6.8.1\msvc2022_64\bin;D:\Qt\6.8.1\mingw_64\bin;D:\Qt\Tools\mingw1310_64\bin;C:\Program Files\CMake\bin;C:\WINDOWS\system32;C:\WINDOWS;C:\WINDOWS\System32\Wbem;C:\WINDOWS\System32\WindowsPowerShell\v1.0\;C:\WINDOWS\System32\OpenSSH\;D:\opencv\build\x64\vc16\bin;D:\Java\jdk-23\bin;C:\Program Files\MySQL\MySQL Server 8.0\bin;D:\Git\cmd;C:\Users\lenovo\AppData\Local\bin\NASM;D:\qemu;D:\xp.cn\com\bin;D:\Windows Kits\10\Windows Performance Toolkit\;C:\Program Files\dotnet\;D:\Python 3\Scripts\;D:\Python 3\;C:\Users\lenovo\AppData\Local\Microsoft\WindowsApps;D:\Microsoft VS Code\bin;D:\PhpStorm 2024.2.3\bin;;D:\PyCharm\bin;;D:\IntelliJ IDEA 2024.1.7\bin;;C:\Program Files\MySQL\MySQL Server 8.0\bin;C:\Users\lenovo\AppData\Local\bin\NASM;D:\qemu;D:\xp.cn\com\bin;C:\Users\lenovo\.dotnet\tools;E:\texlive\2025\bin\windows
USERNAME=lenovo
OS=Windows_NT
PROCESSOR_IDENTIFIER=AMD64 Family 25 Model 116 Stepping 1, AuthenticAMD
TMP=C:\Users\lenovo\AppData\Local\Temp
TEMP=C:\Users\lenovo\AppData\Local\Temp



Periodic native trim disabled


---------------  S Y S T E M  ---------------

OS:
 Windows 11 , 64 bit Build 26100 (10.0.26100.4484)
OS uptime: 3 days 8:35 hours

CPU: total 16 (initial active 16) (16 cores per cpu, 2 threads per core) family 25 model 116 stepping 1 microcode 0xa704104, cx8, cmov, fxsr, ht, mmx, 3dnowpref, sse, sse2, sse3, ssse3, sse4a, sse4.1, sse4.2, popcnt, lzcnt, tsc, tscinvbit, avx, avx2, aes, erms, clmul, bmi1, bmi2, adx, avx512f, avx512dq, avx512cd, avx512bw, avx512vl, sha, fma, vzeroupper, avx512_vpopcntdq, avx512_vpclmulqdq, avx512_vaes, avx512_vnni, clflush, clflushopt, avx512_vbmi2, avx512_vbmi
Processor Information for the first 16 processors :
  Max Mhz: 3801, Current Mhz: 3801, Mhz Limit: 3801

Memory: 4k page, system-wide physical 31940M (6955M free)
TotalPageFile size 57540M (AvailPageFile size 206M)
current process WorkingSet (physical memory assigned to process): 14M, peak: 14M
current process commit charge ("private bytes"): 66M, peak: 566M

vm_info: OpenJDK 64-Bit Server VM (17.0.15+6-LTS) for windows-amd64 JRE (17.0.15+6-LTS), built on Apr  9 2025 22:27:25 by "MicrosoftCorporation" with unknown MS VC++:1939

END.
